<?xml version="1.0" encoding="UTF-8"?>
<!-- Generated by org.testng.reporters.JUnitReportReporter -->
<testsuite hostname="LAPTOP-EPL97G2G" failures="0" tests="1" name="FacebookTest_MVN.ValidatingUserName" time="16.876" errors="0" timestamp="2023-02-06T17:51:10 IST" skipped="0">
  <testcase classname="FacebookTest_MVN.ValidatingUserName" name="ValidatingUserName" time="16.876"/>
  <system-out>
    <![CDATA[Imlicit wait is appplyed 
 appplyed wait is 10000ms
Imlicit wait is appplyed 
 appplyed wait is 10000ms
Clicked1
TC ValidatingUserName is passed successfully]]>
  </system-out>
</testsuite> <!-- FacebookTest_MVN.ValidatingUserName -->
